Example app listening at http://:::3000
ticker is called
summarydata code is called
[]
ticker call is completed
ticker is called
summarydata code is called
ticker call is completed
[]
ticker is called
summarydata code is called
ticker call is completed
[]
ticker is called
ticker call is completed
ticker is called
ticker call is completed
ticker is called
ticker call is completed
ticker is called
ticker call is completed
ticker is called
ticker call is completed
ticker is called
ticker call is completed
ticker is called
ticker call is completed
ticker is called
ticker call is completed
ticker is called
ticker call is completed
ticker is called
ticker call is completed
ticker is called
ticker call is completed
ticker is called
ticker call is completed
ticker is called
ticker call is completed
ticker is called
ticker call is completed
ticker is called
ticker call is completed
ticker is called
ticker call is completed
ticker is called
ticker call is completed
ticker is called
ticker call is completed
ticker is called
ticker call is completed
ticker is called
ticker call is completed
ticker is called
ticker call is completed
ticker is called
ticker call is completed
ticker is called
ticker call is completed
ticker is called
ticker call is completed
ticker is called
ticker call is completed
ticker is called
ticker call is completed
ticker is called
ticker call is completed
ticker is called
ticker call is completed
ticker is called
ticker call is completed
ticker is called
ticker call is completed
ticker is called
ticker call is completed
ticker is called
ticker call is completed
ticker is called
ticker call is completed
ticker is called
ticker call is completed
ticker is called
ticker call is completed
ticker is called
ticker call is completed
ticker is called
ticker call is completed
ticker is called
ticker call is completed
ticker is called
ticker call is completed
ticker is called
ticker call is completed
ticker is called
ticker call is completed
ticker is called
ticker call is completed
ticker is called
ticker call is completed
ticker is called
ticker call is completed
ticker is called
ticker call is completed
ticker is called
ticker call is completed
ticker is called
ticker call is completed
ticker is called
ticker call is completed
ticker is called
ticker call is completed
ticker is called
ticker call is completed
ticker is called
ticker call is completed
summarydata code is called
[]
ticker is called
ticker call is completed
ticker is called
ticker call is completed
ticker is called
ticker call is completed
ticker is called
ticker call is completed
ticker is called
ticker call is completed
ticker is called
ticker call is completed
ticker is called
ticker call is completed
ticker is called
ticker call is completed
ticker is called
ticker call is completed
ticker is called
ticker call is completed
ticker is called
ticker call is completed
ticker is called
ticker call is completed
ticker is called
ticker call is completed
ticker is called
ticker call is completed
ticker is called
ticker call is completed
ticker is called
ticker call is completed
ticker is called
ticker call is completed
ticker is called
ticker call is completed
ticker is called
ticker call is completed
ticker is called
ticker call is completed
